[2014-06-20 16:34:37.399] [INFO] pomelo - [32m[C:\projects\pomelo-coffee\game-server\node_modules\pomelo\lib\application.js] [39mapplication inited: "connector-server-1"
[2014-06-20 16:35:33.324] [INFO] pomelo - [32m[C:\projects\pomelo-coffee\game-server\node_modules\pomelo\lib\application.js] [39mapplication inited: "connector-server-1"
[2014-06-20 16:35:33.898] [INFO] pomelo - [32m[C:\projects\pomelo-coffee\game-server\node_modules\pomelo\lib\application.js] [39m"connector-server-1" enter after start...
[2014-06-20 16:35:33.904] [INFO] pomelo - [32m[C:\projects\pomelo-coffee\game-server\node_modules\pomelo\lib\application.js] [39m"connector-server-1" finish start
[2014-06-20 16:35:33.905] [INFO] pomelo - [32m[C:\projects\pomelo-coffee\game-server\node_modules\pomelo\lib\application.js] [39m"connector-server-1" startup in 540 ms
[2014-06-20 16:39:44.810] [DEBUG] pomelo - [36m[C:\projects\pomelo-coffee\game-server\node_modules\pomelo\lib\components\connector.js] [39m[connector-server-1] getSession session is created with session id: 1
[2014-06-20 16:39:44.816] [DEBUG] pomelo - [36m[C:\projects\pomelo-coffee\game-server\node_modules\pomelo\lib\components\connector.js] [39m[connector-server-1] handleMessage session id: 1, msg: {"id":2,"type":0,"compressRoute":0,"route":"connector.entryHandler.entry","body":"hello pomelo"}
[2014-06-20 16:39:44.819] [DEBUG] pomelo - [36m[C:\projects\pomelo-coffee\game-server\node_modules\pomelo\lib\components\connector.js] [39m[connector-server-1] send message reqId: 2, route: connector.entryHandler.entry, msg: {"code":200,"msg":"game server is ok"}, receivers: [1], opts: {"type":"response","userOptions":{},"isResponse":true}
[2014-06-20 16:39:50.063] [DEBUG] pomelo - [36m[C:\projects\pomelo-coffee\game-server\node_modules\pomelo\lib\components\connector.js] [39m[connector-server-1] handleMessage session id: 1, msg: {"id":3,"type":0,"compressRoute":0,"route":"connector.entryHandler.regist","body":{"username":"wangbo","passowrd":"0000"}}
[2014-06-20 16:41:30.706] [INFO] pomelo - [32m[C:\projects\pomelo-coffee\game-server\node_modules\pomelo\lib\application.js] [39mapplication inited: "connector-server-1"
[2014-06-20 16:41:31.258] [INFO] pomelo - [32m[C:\projects\pomelo-coffee\game-server\node_modules\pomelo\lib\application.js] [39m"connector-server-1" enter after start...
[2014-06-20 16:41:31.266] [INFO] pomelo - [32m[C:\projects\pomelo-coffee\game-server\node_modules\pomelo\lib\application.js] [39m"connector-server-1" finish start
[2014-06-20 16:41:31.266] [INFO] pomelo - [32m[C:\projects\pomelo-coffee\game-server\node_modules\pomelo\lib\application.js] [39m"connector-server-1" startup in 518 ms
[2014-06-20 16:41:37.086] [DEBUG] pomelo - [36m[C:\projects\pomelo-coffee\game-server\node_modules\pomelo\lib\components\connector.js] [39m[connector-server-1] getSession session is created with session id: 1
[2014-06-20 16:41:37.089] [DEBUG] pomelo - [36m[C:\projects\pomelo-coffee\game-server\node_modules\pomelo\lib\components\connector.js] [39m[connector-server-1] handleMessage session id: 1, msg: {"id":4,"type":0,"compressRoute":0,"route":"connector.entryHandler.entry","body":"hello pomelo"}
[2014-06-20 16:41:37.091] [DEBUG] pomelo - [36m[C:\projects\pomelo-coffee\game-server\node_modules\pomelo\lib\components\connector.js] [39m[connector-server-1] send message reqId: 4, route: connector.entryHandler.entry, msg: {"code":200,"msg":"game server is ok"}, receivers: [1], opts: {"type":"response","userOptions":{},"isResponse":true}
[2014-06-20 16:41:38.798] [DEBUG] pomelo - [36m[C:\projects\pomelo-coffee\game-server\node_modules\pomelo\lib\components\connector.js] [39m[connector-server-1] handleMessage session id: 1, msg: {"id":5,"type":0,"compressRoute":0,"route":"connector.entryHandler.regist","body":{"username":"wangbo","passowrd":"0000"}}
[2014-06-20 16:45:50.042] [DEBUG] pomelo - [36m[C:\projects\pomelo-coffee\game-server\node_modules\pomelo\lib\common\service\sessionService.js] [39msession on [connector-server-1] is closed with session id: 1
[2014-06-20 16:50:26.717] [INFO] pomelo - [32m[C:\projects\pomelo-coffee\game-server\node_modules\pomelo\lib\application.js] [39mapplication inited: "connector-server-1"
[2014-06-20 16:50:27.468] [INFO] pomelo - [32m[C:\projects\pomelo-coffee\game-server\node_modules\pomelo\lib\application.js] [39m"connector-server-1" enter after start...
[2014-06-20 16:50:27.475] [INFO] pomelo - [32m[C:\projects\pomelo-coffee\game-server\node_modules\pomelo\lib\application.js] [39m"connector-server-1" finish start
[2014-06-20 16:50:27.475] [INFO] pomelo - [32m[C:\projects\pomelo-coffee\game-server\node_modules\pomelo\lib\application.js] [39m"connector-server-1" startup in 706 ms
[2014-06-20 16:51:20.389] [DEBUG] pomelo - [36m[C:\projects\pomelo-coffee\game-server\node_modules\pomelo\lib\components\connector.js] [39m[connector-server-1] getSession session is created with session id: 1
[2014-06-20 16:51:20.394] [DEBUG] pomelo - [36m[C:\projects\pomelo-coffee\game-server\node_modules\pomelo\lib\components\connector.js] [39m[connector-server-1] handleMessage session id: 1, msg: {"id":6,"type":0,"compressRoute":0,"route":"connector.entryHandler.entry","body":"hello pomelo"}
[2014-06-20 16:51:20.397] [DEBUG] pomelo - [36m[C:\projects\pomelo-coffee\game-server\node_modules\pomelo\lib\components\connector.js] [39m[connector-server-1] send message reqId: 6, route: connector.entryHandler.entry, msg: {"code":200,"msg":"game server is ok"}, receivers: [1], opts: {"type":"response","userOptions":{},"isResponse":true}
[2014-06-20 16:51:22.343] [DEBUG] pomelo - [36m[C:\projects\pomelo-coffee\game-server\node_modules\pomelo\lib\components\connector.js] [39m[connector-server-1] handleMessage session id: 1, msg: {"id":7,"type":0,"compressRoute":0,"route":"connector.entryHandler.regist","body":{"username":"wangbo","passowrd":"0000"}}
[2014-06-20 16:55:32.398] [DEBUG] pomelo - [36m[C:\projects\pomelo-coffee\game-server\node_modules\pomelo\lib\common\service\sessionService.js] [39msession on [connector-server-1] is closed with session id: 1
[2014-06-20 17:00:20.314] [INFO] pomelo - [32m[C:\projects\pomelo-coffee\game-server\node_modules\pomelo\lib\application.js] [39mapplication inited: "connector-server-1"
[2014-06-20 17:00:20.983] [INFO] pomelo - [32m[C:\projects\pomelo-coffee\game-server\node_modules\pomelo\lib\application.js] [39m"connector-server-1" enter after start...
[2014-06-20 17:00:20.989] [INFO] pomelo - [32m[C:\projects\pomelo-coffee\game-server\node_modules\pomelo\lib\application.js] [39m"connector-server-1" finish start
[2014-06-20 17:00:20.989] [INFO] pomelo - [32m[C:\projects\pomelo-coffee\game-server\node_modules\pomelo\lib\application.js] [39m"connector-server-1" startup in 621 ms
[2014-06-20 17:00:25.455] [DEBUG] pomelo - [36m[C:\projects\pomelo-coffee\game-server\node_modules\pomelo\lib\components\connector.js] [39m[connector-server-1] getSession session is created with session id: 1
[2014-06-20 17:00:25.459] [DEBUG] pomelo - [36m[C:\projects\pomelo-coffee\game-server\node_modules\pomelo\lib\components\connector.js] [39m[connector-server-1] handleMessage session id: 1, msg: {"id":8,"type":0,"compressRoute":0,"route":"connector.entryHandler.entry","body":"hello pomelo"}
[2014-06-20 17:00:25.462] [DEBUG] pomelo - [36m[C:\projects\pomelo-coffee\game-server\node_modules\pomelo\lib\components\connector.js] [39m[connector-server-1] send message reqId: 8, route: connector.entryHandler.entry, msg: {"code":200,"msg":"game server is ok"}, receivers: [1], opts: {"type":"response","userOptions":{},"isResponse":true}
[2014-06-20 17:00:27.249] [DEBUG] pomelo - [36m[C:\projects\pomelo-coffee\game-server\node_modules\pomelo\lib\components\connector.js] [39m[connector-server-1] handleMessage session id: 1, msg: {"id":9,"type":0,"compressRoute":0,"route":"connector.entryHandler.regist","body":{"username":"wangbo","passowrd":"0000"}}
[2014-06-20 17:02:16.595] [INFO] pomelo - [32m[C:\projects\pomelo-coffee\game-server\node_modules\pomelo\lib\application.js] [39mapplication inited: "connector-server-1"
[2014-06-20 17:02:17.224] [INFO] pomelo - [32m[C:\projects\pomelo-coffee\game-server\node_modules\pomelo\lib\application.js] [39m"connector-server-1" enter after start...
[2014-06-20 17:02:17.230] [INFO] pomelo - [32m[C:\projects\pomelo-coffee\game-server\node_modules\pomelo\lib\application.js] [39m"connector-server-1" finish start
[2014-06-20 17:02:17.230] [INFO] pomelo - [32m[C:\projects\pomelo-coffee\game-server\node_modules\pomelo\lib\application.js] [39m"connector-server-1" startup in 587 ms
[2014-06-20 17:02:21.647] [DEBUG] pomelo - [36m[C:\projects\pomelo-coffee\game-server\node_modules\pomelo\lib\components\connector.js] [39m[connector-server-1] getSession session is created with session id: 1
[2014-06-20 17:02:21.650] [DEBUG] pomelo - [36m[C:\projects\pomelo-coffee\game-server\node_modules\pomelo\lib\components\connector.js] [39m[connector-server-1] handleMessage session id: 1, msg: {"id":10,"type":0,"compressRoute":0,"route":"connector.entryHandler.entry","body":"hello pomelo"}
[2014-06-20 17:02:21.652] [DEBUG] pomelo - [36m[C:\projects\pomelo-coffee\game-server\node_modules\pomelo\lib\components\connector.js] [39m[connector-server-1] send message reqId: 10, route: connector.entryHandler.entry, msg: {"code":200,"msg":"game server is ok"}, receivers: [1], opts: {"type":"response","userOptions":{},"isResponse":true}
[2014-06-20 17:02:23.482] [DEBUG] pomelo - [36m[C:\projects\pomelo-coffee\game-server\node_modules\pomelo\lib\components\connector.js] [39m[connector-server-1] handleMessage session id: 1, msg: {"id":11,"type":0,"compressRoute":0,"route":"connector.entryHandler.regist","body":{"username":"wangbo","passowrd":"0000"}}
[2014-06-20 17:02:23.492] [DEBUG] pomelo - [36m[C:\projects\pomelo-coffee\game-server\node_modules\pomelo\lib\components\connector.js] [39m[connector-server-1] send message reqId: 11, route: connector.entryHandler.regist, msg: {"_r":"s"}, receivers: [1], opts: {"type":"response","userOptions":{},"isResponse":true}
[2014-06-20 17:03:14.835] [DEBUG] pomelo - [36m[C:\projects\pomelo-coffee\game-server\node_modules\pomelo\lib\components\connector.js] [39m[connector-server-1] handleMessage session id: 1, msg: {"id":12,"type":0,"compressRoute":0,"route":"connector.entryHandler.regist","body":{"username":"wangbo","passowrd":"0000"}}
[2014-06-20 17:03:14.856] [DEBUG] pomelo - [36m[C:\projects\pomelo-coffee\game-server\node_modules\pomelo\lib\components\connector.js] [39m[connector-server-1] send message reqId: 12, route: connector.entryHandler.regist, msg: {"_r":"s"}, receivers: [1], opts: {"type":"response","userOptions":{},"isResponse":true}
[2014-06-20 17:36:30.983] [INFO] pomelo - [32m[C:\projects\pomelo-coffee\game-server\node_modules\pomelo\lib\application.js] [39mapplication inited: "connector-server-1"
[2014-06-20 17:36:31.697] [INFO] pomelo - [32m[C:\projects\pomelo-coffee\game-server\node_modules\pomelo\lib\application.js] [39m"connector-server-1" enter after start...
[2014-06-20 17:36:31.702] [INFO] pomelo - [32m[C:\projects\pomelo-coffee\game-server\node_modules\pomelo\lib\application.js] [39m"connector-server-1" finish start
[2014-06-20 17:36:31.702] [INFO] pomelo - [32m[C:\projects\pomelo-coffee\game-server\node_modules\pomelo\lib\application.js] [39m"connector-server-1" startup in 654 ms
[2014-06-20 17:36:49.100] [DEBUG] pomelo - [36m[C:\projects\pomelo-coffee\game-server\node_modules\pomelo\lib\components\connector.js] [39m[connector-server-1] getSession session is created with session id: 1
[2014-06-20 17:36:49.103] [DEBUG] pomelo - [36m[C:\projects\pomelo-coffee\game-server\node_modules\pomelo\lib\components\connector.js] [39m[connector-server-1] handleMessage session id: 1, msg: {"id":13,"type":0,"compressRoute":0,"route":"connector.entryHandler.entry","body":"hello pomelo"}
[2014-06-20 17:36:49.106] [DEBUG] pomelo - [36m[C:\projects\pomelo-coffee\game-server\node_modules\pomelo\lib\components\connector.js] [39m[connector-server-1] send message reqId: 13, route: connector.entryHandler.entry, msg: {"code":200,"msg":"game server is ok"}, receivers: [1], opts: {"type":"response","userOptions":{},"isResponse":true}
[2014-06-20 17:36:51.751] [DEBUG] pomelo - [36m[C:\projects\pomelo-coffee\game-server\node_modules\pomelo\lib\common\service\sessionService.js] [39msession on [connector-server-1] is closed with session id: 1
[2014-06-20 17:36:53.033] [DEBUG] pomelo - [36m[C:\projects\pomelo-coffee\game-server\node_modules\pomelo\lib\components\connector.js] [39m[connector-server-1] getSession session is created with session id: 2
[2014-06-20 17:36:53.036] [DEBUG] pomelo - [36m[C:\projects\pomelo-coffee\game-server\node_modules\pomelo\lib\components\connector.js] [39m[connector-server-1] handleMessage session id: 2, msg: {"id":1,"type":0,"compressRoute":0,"route":"connector.entryHandler.entry","body":"hello pomelo"}
[2014-06-20 17:36:53.036] [DEBUG] pomelo - [36m[C:\projects\pomelo-coffee\game-server\node_modules\pomelo\lib\components\connector.js] [39m[connector-server-1] send message reqId: 1, route: connector.entryHandler.entry, msg: {"code":200,"msg":"game server is ok"}, receivers: [2], opts: {"type":"response","userOptions":{},"isResponse":true}
[2014-06-20 17:36:54.143] [DEBUG] pomelo - [36m[C:\projects\pomelo-coffee\game-server\node_modules\pomelo\lib\components\connector.js] [39m[connector-server-1] handleMessage session id: 2, msg: {"id":2,"type":0,"compressRoute":0,"route":"connector.entryHandler.regist","body":{"username":"wangbo","passowrd":"0000"}}
[2014-06-20 17:36:54.173] [DEBUG] pomelo - [36m[C:\projects\pomelo-coffee\game-server\node_modules\pomelo\lib\components\connector.js] [39m[connector-server-1] send message reqId: 2, route: connector.entryHandler.regist, msg: {"_r":"用户名已经存在"}, receivers: [2], opts: {"type":"response","userOptions":{},"isResponse":true}
[2014-06-20 18:48:46.144] [DEBUG] pomelo - [36m[C:\projects\pomelo-coffee\game-server\node_modules\pomelo\lib\common\service\sessionService.js] [39msession on [connector-server-1] is closed with session id: 2
[2014-06-20 18:48:48.165] [WARN] pomelo - [33m[C:\projects\pomelo-coffee\game-server\node_modules\pomelo\lib\application.js] [39m[pomelo application] application is not running now.
[2014-06-20 18:48:50.177] [WARN] pomelo - [33m[C:\projects\pomelo-coffee\game-server\node_modules\pomelo\lib\application.js] [39m[pomelo application] application is not running now.
